2019-03-21 20:22:43,618 [INFO] [main] io.renren.ApiApplication [StartupInfoLogger.java : 50] Starting ApiApplication on SC-201811251034 with PID 1632 (C:\code\java\springboot\renren-security\renren-api\target\classes started by Administrator in C:\code\java\springboot\renren-security)
2019-03-21 20:22:43,654 [DEBUG] [main] io.renren.ApiApplication [StartupInfoLogger.java : 53] Running with Spring Boot v2.0.5.RELEASE, Spring v5.0.9.RELEASE
2019-03-21 20:22:43,657 [INFO] [main] io.renren.ApiApplication [SpringApplication.java : 684] The following profiles are active: dev
2019-03-21 20:22:43,924 [INFO] [main] o.s.b.w.s.c.AnnotationConfigServletWebServerApplicationContext [AbstractApplicationContext.java : 590] Refreshing org.springframework.boot.web.servlet.context.AnnotationConfigServletWebServerApplicationContext@4a891c97: startup date [Thu Mar 21 20:22:43 CST 2019]; root of context hierarchy
2019-03-21 20:22:46,477 [INFO] [main] o.s.data.repository.config.RepositoryConfigurationDelegate [RepositoryConfigurationDelegate.java : 172] Multiple Spring Data modules found, entering strict repository configuration mode!
2019-03-21 20:22:47,465 [INFO] [main] o.s.c.s.PostProcessorRegistrationDelegate$BeanPostProcessorChecker [PostProcessorRegistrationDelegate.java : 326] Bean 'org.springframework.amqp.rabbit.annotation.RabbitBootstrapConfiguration' of type [org.springframework.amqp.rabbit.annotation.RabbitBootstrapConfiguration$$EnhancerBySpringCGLIB$$35f0250d] is not eligible for getting processed by all BeanPostProcessors (for example: not eligible for auto-proxying)
2019-03-21 20:22:47,812 [INFO] [main] o.s.c.s.PostProcessorRegistrationDelegate$BeanPostProcessorChecker [PostProcessorRegistrationDelegate.java : 326] Bean 'org.springframework.transaction.annotation.ProxyTransactionManagementConfiguration' of type [org.springframework.transaction.annotation.ProxyTransactionManagementConfiguration$$EnhancerBySpringCGLIB$$6f8466df] is not eligible for getting processed by all BeanPostProcessors (for example: not eligible for auto-proxying)
2019-03-21 20:22:49,200 [INFO] [main] org.springframework.boot.web.embedded.tomcat.TomcatWebServer [TomcatWebServer.java : 91] Tomcat initialized with port(s): 8081 (http)
2019-03-21 20:22:49,261 [INFO] [main] org.apache.catalina.core.StandardService [DirectJDKLog.java : 180] Starting service [Tomcat]
2019-03-21 20:22:49,262 [INFO] [main] org.apache.catalina.core.StandardEngine [DirectJDKLog.java : 180] Starting Servlet Engine: Apache Tomcat/8.5.34
2019-03-21 20:22:49,270 [INFO] [localhost-startStop-1] org.apache.catalina.core.AprLifecycleListener [DirectJDKLog.java : 180] The APR based Apache Tomcat Native library which allows optimal performance in production environments was not found on the java.library.path: [C:\Program Files\Java\jdk1.8.0_121\bin;C:\Windows\Sun\Java\bin;C:\Windows\system32;C:\Windows;C:\Program Files (x86)\Common Files\Oracle\Java\javapath;C:\Program Files (x86)\Common Files\NetSarang;C:\ProgramData\Oracle\Java\javapath;C:\Windows\system32;C:\Windows;C:\Windows\System32\Wbem;C:\Windows\System32\WindowsPowerShell\v1.0\;C:\Windows\System32\OpenSSH\;C:\Program Files\Java\jdk-11.0.1\bin;C:\Program Files\VisualSVN Server\bin;C:\Program Files\Git\cmd;C:\Program Files\TortoiseSVN\bin;C:\Program Files\nodejs\;C:\Program Files\MySQL\MySQL Utilities 1.6\;C:\Program Files\Redis\;C:\java\apache-maven-3.5.0\bin;C:\Users\Administrator\AppData\Local\Microsoft\WindowsApps;C:\Users\Administrator\AppData\Roaming\npm;.]
2019-03-21 20:22:49,521 [INFO] [localhost-startStop-1] o.a.c.core.ContainerBase.[Tomcat].[localhost].[/renren-api] [DirectJDKLog.java : 180] Initializing Spring embedded WebApplicationContext
2019-03-21 20:22:49,521 [INFO] [localhost-startStop-1] org.springframework.web.context.ContextLoader [ServletWebServerApplicationContext.java : 285] Root WebApplicationContext: initialization completed in 5597 ms
2019-03-21 20:22:49,803 [INFO] [localhost-startStop-1] org.springframework.boot.web.servlet.FilterRegistrationBean [AbstractFilterRegistrationBean.java : 245] Mapping filter: 'characterEncodingFilter' to: [/*]
2019-03-21 20:22:49,804 [INFO] [localhost-startStop-1] org.springframework.boot.web.servlet.FilterRegistrationBean [AbstractFilterRegistrationBean.java : 245] Mapping filter: 'hiddenHttpMethodFilter' to: [/*]
2019-03-21 20:22:49,805 [INFO] [localhost-startStop-1] org.springframework.boot.web.servlet.FilterRegistrationBean [AbstractFilterRegistrationBean.java : 245] Mapping filter: 'httpPutFormContentFilter' to: [/*]
2019-03-21 20:22:49,805 [INFO] [localhost-startStop-1] org.springframework.boot.web.servlet.FilterRegistrationBean [AbstractFilterRegistrationBean.java : 245] Mapping filter: 'requestContextFilter' to: [/*]
2019-03-21 20:22:49,805 [INFO] [localhost-startStop-1] org.springframework.boot.web.servlet.FilterRegistrationBean [AbstractFilterRegistrationBean.java : 258] Mapping filter: 'xssFilter' to urls: [/*]
2019-03-21 20:22:49,806 [INFO] [localhost-startStop-1] org.springframework.boot.web.servlet.FilterRegistrationBean [AbstractFilterRegistrationBean.java : 258] Mapping filter: 'webStatFilter' to urls: [/*]
2019-03-21 20:22:49,806 [INFO] [localhost-startStop-1] org.springframework.boot.web.servlet.FilterRegistrationBean [AbstractFilterRegistrationBean.java : 245] Mapping filter: 'configureCorsFilter' to: [/*]
2019-03-21 20:22:49,806 [INFO] [localhost-startStop-1] org.springframework.boot.web.servlet.ServletRegistrationBean [ServletRegistrationBean.java : 187] Servlet dispatcherServlet mapped to [/]
2019-03-21 20:22:49,809 [INFO] [localhost-startStop-1] org.springframework.boot.web.servlet.ServletRegistrationBean [ServletRegistrationBean.java : 187] Servlet statViewServlet mapped to [/druid/*]
2019-03-21 20:22:50,531 [INFO] [main] c.a.d.spring.boot.autoconfigure.DruidDataSourceAutoConfigure [DruidDataSourceAutoConfigure.java : 56] Init DruidDataSource
2019-03-21 20:22:51,526 [INFO] [main] com.alibaba.druid.pool.DruidDataSource [DruidDataSource.java : 930] {dataSource-1} inited
2019-03-21 20:22:53,797 [DEBUG] [main] io.renren.dao.GoodsDao.listGoodsVo [BaseJdbcLogger.java : 159] ==>  Preparing: select g.*,mg.stock_count, mg.start_date, mg.end_date,mg.miaosha_price from miaosha_goods mg right join goods g on mg.goods_id = g.id 
2019-03-21 20:22:53,828 [DEBUG] [main] io.renren.dao.GoodsDao.listGoodsVo [BaseJdbcLogger.java : 159] ==> Parameters: 
2019-03-21 20:22:53,931 [DEBUG] [main] io.renren.dao.GoodsDao.listGoodsVo [BaseJdbcLogger.java : 159] <==      Total: 116
2019-03-21 20:22:54,142 [INFO] [main] io.lettuce.core.EpollProvider [Slf4JLogger.java : 101] Starting without optional epoll library
2019-03-21 20:22:54,146 [INFO] [main] io.lettuce.core.KqueueProvider [Slf4JLogger.java : 101] Starting without optional kqueue library
2019-03-21 20:22:56,681 [INFO] [main] o.s.w.s.mvc.method.annotation.RequestMappingHandlerMapping [AbstractHandlerMethodMapping.java : 549] Mapped "{[/api/loginByCode],methods=[POST]}" onto public io.renren.common.utils.R io.renren.controller.ApiLoginController.loginByCode(io.renren.form.LoginForm,javax.servlet.http.HttpServletRequest)
2019-03-21 20:22:56,683 [INFO] [main] o.s.w.s.mvc.method.annotation.RequestMappingHandlerMapping [AbstractHandlerMethodMapping.java : 549] Mapped "{[/api/login],methods=[POST]}" onto public io.renren.common.utils.R io.renren.controller.ApiLoginController.login(io.renren.form.LoginForm)
2019-03-21 20:22:56,684 [INFO] [main] o.s.w.s.mvc.method.annotation.RequestMappingHandlerMapping [AbstractHandlerMethodMapping.java : 549] Mapped "{[/api/logout],methods=[POST]}" onto public io.renren.common.utils.R io.renren.controller.ApiLoginController.logout(long)
2019-03-21 20:22:56,685 [INFO] [main] o.s.w.s.mvc.method.annotation.RequestMappingHandlerMapping [AbstractHandlerMethodMapping.java : 549] Mapped "{[/api/getCode],methods=[POST]}" onto public io.renren.common.utils.R io.renren.controller.ApiLoginController.getCode(io.renren.form.CodeForm,javax.servlet.http.HttpServletRequest)
2019-03-21 20:22:56,687 [INFO] [main] o.s.w.s.mvc.method.annotation.RequestMappingHandlerMapping [AbstractHandlerMethodMapping.java : 549] Mapped "{[/api/register],methods=[POST]}" onto public io.renren.common.utils.R io.renren.controller.ApiRegisterController.register(io.renren.form.RegisterForm)
2019-03-21 20:22:56,695 [INFO] [main] o.s.w.s.mvc.method.annotation.RequestMappingHandlerMapping [AbstractHandlerMethodMapping.java : 549] Mapped "{[/api/userId],methods=[GET]}" onto public io.renren.common.utils.R io.renren.controller.ApiTestController.userInfo(java.lang.Integer)
2019-03-21 20:22:56,696 [INFO] [main] o.s.w.s.mvc.method.annotation.RequestMappingHandlerMapping [AbstractHandlerMethodMapping.java : 549] Mapped "{[/api/userInfo],methods=[GET]}" onto public io.renren.common.utils.R io.renren.controller.ApiTestController.userInfo(io.renren.entity.UserEntity)
2019-03-21 20:22:56,697 [INFO] [main] o.s.w.s.mvc.method.annotation.RequestMappingHandlerMapping [AbstractHandlerMethodMapping.java : 549] Mapped "{[/api/notToken],methods=[GET]}" onto public io.renren.common.utils.R io.renren.controller.ApiTestController.notToken()
2019-03-21 20:22:56,701 [INFO] [main] o.s.w.s.mvc.method.annotation.RequestMappingHandlerMapping [AbstractHandlerMethodMapping.java : 549] Mapped "{[/api/goods/list],methods=[GET]}" onto public io.renren.common.utils.R io.renren.controller.GoodsController.list()
2019-03-21 20:22:56,702 [INFO] [main] o.s.w.s.mvc.method.annotation.RequestMappingHandlerMapping [AbstractHandlerMethodMapping.java : 549] Mapped "{[/api/goods/{id}],methods=[GET]}" onto public io.renren.common.utils.R io.renren.controller.GoodsController.goodsDetail(java.lang.Long)
2019-03-21 20:22:56,704 [INFO] [main] o.s.w.s.mvc.method.annotation.RequestMappingHandlerMapping [AbstractHandlerMethodMapping.java : 549] Mapped "{[/api/msite/bannerAndNav],methods=[GET]}" onto public io.renren.common.utils.R io.renren.controller.MSiteController.bannerList()
2019-03-21 20:22:56,709 [INFO] [main] o.s.w.s.mvc.method.annotation.RequestMappingHandlerMapping [AbstractHandlerMethodMapping.java : 549] Mapped "{[/api/secKill/killGoods],methods=[POST]}" onto public io.renren.common.utils.R io.renren.controller.SecKillController.secKill(io.renren.form.SecKillForm,io.renren.entity.UserEntity)
2019-03-21 20:22:56,711 [INFO] [main] o.s.w.s.mvc.method.annotation.RequestMappingHandlerMapping [AbstractHandlerMethodMapping.java : 549] Mapped "{[/api/secKill/result],methods=[GET]}" onto public io.renren.common.utils.R io.renren.controller.SecKillController.miaoshaResult(io.renren.entity.UserEntity,long)
2019-03-21 20:22:56,729 [INFO] [main] o.s.w.s.mvc.method.annotation.RequestMappingHandlerMapping [AbstractHandlerMethodMapping.java : 549] Mapped "{[/swagger-resources/configuration/security]}" onto public org.springframework.http.ResponseEntity<springfox.documentation.swagger.web.SecurityConfiguration> springfox.documentation.swagger.web.ApiResourceController.securityConfiguration()
2019-03-21 20:22:56,731 [INFO] [main] o.s.w.s.mvc.method.annotation.RequestMappingHandlerMapping [AbstractHandlerMethodMapping.java : 549] Mapped "{[/swagger-resources]}" onto public org.springframework.http.ResponseEntity<java.util.List<springfox.documentation.swagger.web.SwaggerResource>> springfox.documentation.swagger.web.ApiResourceController.swaggerResources()
2019-03-21 20:22:56,733 [INFO] [main] o.s.w.s.mvc.method.annotation.RequestMappingHandlerMapping [AbstractHandlerMethodMapping.java : 549] Mapped "{[/swagger-resources/configuration/ui]}" onto public org.springframework.http.ResponseEntity<springfox.documentation.swagger.web.UiConfiguration> springfox.documentation.swagger.web.ApiResourceController.uiConfiguration()
2019-03-21 20:22:56,740 [INFO] [main] o.s.w.s.mvc.method.annotation.RequestMappingHandlerMapping [AbstractHandlerMethodMapping.java : 549] Mapped "{[/error]}" onto public org.springframework.http.ResponseEntity<java.util.Map<java.lang.String, java.lang.Object>> org.springframework.boot.autoconfigure.web.servlet.error.BasicErrorController.error(javax.servlet.http.HttpServletRequest)
2019-03-21 20:22:56,742 [INFO] [main] o.s.w.s.mvc.method.annotation.RequestMappingHandlerMapping [AbstractHandlerMethodMapping.java : 549] Mapped "{[/error],produces=[text/html]}" onto public org.springframework.web.servlet.ModelAndView org.springframework.boot.autoconfigure.web.servlet.error.BasicErrorController.errorHtml(javax.servlet.http.HttpServletRequest,javax.servlet.http.HttpServletResponse)
2019-03-21 20:22:57,096 [INFO] [main] s.d.spring.web.PropertySourcedRequestMappingHandlerMapping [PropertySourcedRequestMappingHandlerMapping.java : 69] Mapped URL path [/v2/api-docs] onto method [public org.springframework.http.ResponseEntity<springfox.documentation.spring.web.json.Json> springfox.documentation.swagger2.web.Swagger2Controller.getDocumentation(java.lang.String,javax.servlet.http.HttpServletRequest)]
2019-03-21 20:22:57,440 [INFO] [main] o.s.web.servlet.handler.SimpleUrlHandlerMapping [AbstractUrlHandlerMapping.java : 373] Mapped URL path [/**/favicon.ico] onto handler of type [class org.springframework.web.servlet.resource.ResourceHttpRequestHandler]
2019-03-21 20:22:57,957 [INFO] [main] o.s.w.s.mvc.method.annotation.RequestMappingHandlerAdapter [RequestMappingHandlerAdapter.java : 588] Looking for @ControllerAdvice: org.springframework.boot.web.servlet.context.AnnotationConfigServletWebServerApplicationContext@4a891c97: startup date [Thu Mar 21 20:22:43 CST 2019]; root of context hierarchy
2019-03-21 20:22:58,073 [INFO] [main] o.s.web.servlet.handler.SimpleUrlHandlerMapping [AbstractUrlHandlerMapping.java : 373] Mapped URL path [/webjars/**] onto handler of type [class org.springframework.web.servlet.resource.ResourceHttpRequestHandler]
2019-03-21 20:22:58,073 [INFO] [main] o.s.web.servlet.handler.SimpleUrlHandlerMapping [AbstractUrlHandlerMapping.java : 373] Mapped URL path [/**] onto handler of type [class org.springframework.web.servlet.resource.ResourceHttpRequestHandler]
2019-03-21 20:22:58,107 [INFO] [main] o.s.w.s.m.m.annotation.ExceptionHandlerExceptionResolver [ExceptionHandlerExceptionResolver.java : 288] Detected @ExceptionHandler methods in RRExceptionHandler
2019-03-21 20:22:59,316 [INFO] [main] org.springframework.ui.freemarker.SpringTemplateLoader [SpringTemplateLoader.java : 62] SpringTemplateLoader for FreeMarker: using resource loader [org.springframework.boot.web.servlet.context.AnnotationConfigServletWebServerApplicationContext@4a891c97: startup date [Thu Mar 21 20:22:43 CST 2019]; root of context hierarchy] and template loader path [classpath:/templates/]
2019-03-21 20:22:59,318 [INFO] [main] o.s.web.servlet.view.freemarker.FreeMarkerConfigurer [FreeMarkerConfigurer.java : 131] ClassTemplateLoader for Spring macros added to FreeMarker configuration
2019-03-21 20:22:59,688 [INFO] [main] o.s.jmx.export.annotation.AnnotationMBeanExporter [MBeanExporter.java : 433] Registering beans for JMX exposure on startup
2019-03-21 20:22:59,693 [INFO] [main] o.s.jmx.export.annotation.AnnotationMBeanExporter [MBeanExporter.java : 895] Bean with name 'statFilter' has been autodetected for JMX exposure
2019-03-21 20:22:59,693 [INFO] [main] o.s.jmx.export.annotation.AnnotationMBeanExporter [MBeanExporter.java : 895] Bean with name 'dataSource' has been autodetected for JMX exposure
2019-03-21 20:22:59,713 [INFO] [main] o.s.jmx.export.annotation.AnnotationMBeanExporter [MBeanExporter.java : 895] Bean with name 'rabbitConnectionFactory' has been autodetected for JMX exposure
2019-03-21 20:22:59,720 [INFO] [main] o.s.jmx.export.annotation.AnnotationMBeanExporter [MBeanExporter.java : 668] Located MBean 'dataSource': registering with JMX server as MBean [com.alibaba.druid.spring.boot.autoconfigure:name=dataSource,type=DruidDataSourceWrapper]
2019-03-21 20:22:59,722 [INFO] [main] o.s.jmx.export.annotation.AnnotationMBeanExporter [MBeanExporter.java : 675] Located managed bean 'rabbitConnectionFactory': registering with JMX server as MBean [org.springframework.amqp.rabbit.connection:name=rabbitConnectionFactory,type=CachingConnectionFactory]
2019-03-21 20:22:59,758 [INFO] [main] o.s.jmx.export.annotation.AnnotationMBeanExporter [MBeanExporter.java : 668] Located MBean 'statFilter': registering with JMX server as MBean [com.alibaba.druid.filter.stat:name=statFilter,type=StatFilter]
2019-03-21 20:22:59,800 [INFO] [main] o.springframework.context.support.DefaultLifecycleProcessor [DefaultLifecycleProcessor.java : 356] Starting beans in phase 2147483647
2019-03-21 20:22:59,801 [INFO] [main] s.d.spring.web.plugins.DocumentationPluginsBootstrapper [DocumentationPluginsBootstrapper.java : 147] Context refreshed
2019-03-21 20:22:59,834 [INFO] [main] s.d.spring.web.plugins.DocumentationPluginsBootstrapper [DocumentationPluginsBootstrapper.java : 150] Found 1 custom documentation plugin(s)
2019-03-21 20:22:59,937 [INFO] [main] s.d.spring.web.scanners.ApiListingReferenceScanner [ApiListingReferenceScanner.java : 41] Scanning for api listing references
2019-03-21 20:23:00,398 [INFO] [main] s.d.s.web.readers.operation.CachingOperationNameGenerator [CachingOperationNameGenerator.java : 40] Generating unique operation named: userInfoUsingGET_1
2019-03-21 20:23:00,431 [INFO] [SimpleAsyncTaskExecutor-1] o.s.amqp.rabbit.connection.CachingConnectionFactory [AbstractConnectionFactory.java : 455] Attempting to connect to: [localhost:5672]
2019-03-21 20:23:00,508 [INFO] [SimpleAsyncTaskExecutor-1] o.s.amqp.rabbit.connection.CachingConnectionFactory [AbstractConnectionFactory.java : 471] Created new connection: rabbitConnectionFactory#7a0f06ad:0/SimpleConnection@4ab75f16 [delegate=amqp://guest@127.0.0.1:5672/, localPort= 51817]
2019-03-21 20:23:00,676 [INFO] [main] org.springframework.boot.web.embedded.tomcat.TomcatWebServer [TomcatWebServer.java : 206] Tomcat started on port(s): 8081 (http) with context path '/renren-api'
2019-03-21 20:23:00,685 [INFO] [main] io.renren.ApiApplication [StartupInfoLogger.java : 59] Started ApiApplication in 20.223 seconds (JVM running for 28.194)
2019-03-21 20:25:51,343 [INFO] [http-nio-8081-exec-1] org.apache.tomcat.util.http.parser.Cookie [DirectJDKLog.java : 180] A cookie header was received [1553061941,1553130560; theme=default] that contained an invalid cookie. That cookie will be ignored.Note: further occurrences of this error will be logged at DEBUG level.
2019-03-21 20:25:51,364 [INFO] [http-nio-8081-exec-2] o.a.c.core.ContainerBase.[Tomcat].[localhost].[/renren-api] [DirectJDKLog.java : 180] Initializing Spring FrameworkServlet 'dispatcherServlet'
2019-03-21 20:25:51,365 [INFO] [http-nio-8081-exec-2] org.springframework.web.servlet.DispatcherServlet [FrameworkServlet.java : 494] FrameworkServlet 'dispatcherServlet': initialization started
2019-03-21 20:25:51,452 [INFO] [http-nio-8081-exec-2] org.springframework.web.servlet.DispatcherServlet [FrameworkServlet.java : 509] FrameworkServlet 'dispatcherServlet': initialization completed in 87 ms
2019-03-21 20:25:51,607 [DEBUG] [http-nio-8081-exec-1] io.renren.dao.GoodsDao.listGoodsVo [BaseJdbcLogger.java : 159] ==>  Preparing: select g.*,mg.stock_count, mg.start_date, mg.end_date,mg.miaosha_price from miaosha_goods mg right join goods g on mg.goods_id = g.id 
2019-03-21 20:25:51,608 [DEBUG] [http-nio-8081-exec-1] io.renren.dao.GoodsDao.listGoodsVo [BaseJdbcLogger.java : 159] ==> Parameters: 
2019-03-21 20:25:51,642 [DEBUG] [http-nio-8081-exec-1] io.renren.dao.GoodsDao.listGoodsVo [BaseJdbcLogger.java : 159] <==      Total: 116
2019-03-21 20:26:30,149 [DEBUG] [http-nio-8081-exec-4] io.renren.dao.GoodsDao.listGoodsVo [BaseJdbcLogger.java : 159] ==>  Preparing: select g.*,mg.stock_count, mg.start_date, mg.end_date,mg.miaosha_price from miaosha_goods mg right join goods g on mg.goods_id = g.id 
2019-03-21 20:26:30,151 [DEBUG] [http-nio-8081-exec-4] io.renren.dao.GoodsDao.listGoodsVo [BaseJdbcLogger.java : 159] ==> Parameters: 
2019-03-21 20:26:30,185 [DEBUG] [http-nio-8081-exec-4] io.renren.dao.GoodsDao.listGoodsVo [BaseJdbcLogger.java : 159] <==      Total: 116
2019-03-21 21:08:53,239 [DEBUG] [http-nio-8081-exec-7] io.renren.dao.GoodsDao.listGoodsVo [BaseJdbcLogger.java : 159] ==>  Preparing: select g.*,mg.stock_count, mg.start_date, mg.end_date,mg.miaosha_price from miaosha_goods mg right join goods g on mg.goods_id = g.id 
2019-03-21 21:08:53,253 [DEBUG] [http-nio-8081-exec-7] io.renren.dao.GoodsDao.listGoodsVo [BaseJdbcLogger.java : 159] ==> Parameters: 
2019-03-21 21:08:53,315 [DEBUG] [http-nio-8081-exec-7] io.renren.dao.GoodsDao.listGoodsVo [BaseJdbcLogger.java : 159] <==      Total: 116
2019-03-21 21:08:53,493 [DEBUG] [http-nio-8081-exec-8] io.renren.dao.TbBannerDao.selectList [BaseJdbcLogger.java : 159] ==>  Preparing: SELECT id AS id,img_url AS imgUrl,link_url AS linkUrl,order_num AS orderNum FROM tb_banner 
2019-03-21 21:08:53,497 [DEBUG] [http-nio-8081-exec-8] io.renren.dao.TbBannerDao.selectList [BaseJdbcLogger.java : 159] ==> Parameters: 
2019-03-21 21:08:53,507 [DEBUG] [http-nio-8081-exec-8] io.renren.dao.TbBannerDao.selectList [BaseJdbcLogger.java : 159] <==      Total: 8
2019-03-21 21:21:10,954 [DEBUG] [http-nio-8081-exec-11] io.renren.dao.GoodsDao.listGoodsVo [BaseJdbcLogger.java : 159] ==>  Preparing: select g.*,mg.stock_count, mg.start_date, mg.end_date,mg.miaosha_price from miaosha_goods mg right join goods g on mg.goods_id = g.id 
2019-03-21 21:21:10,955 [DEBUG] [http-nio-8081-exec-11] io.renren.dao.GoodsDao.listGoodsVo [BaseJdbcLogger.java : 159] ==> Parameters: 
2019-03-21 21:21:10,978 [DEBUG] [http-nio-8081-exec-11] io.renren.dao.GoodsDao.listGoodsVo [BaseJdbcLogger.java : 159] <==      Total: 116
